2018-10-16 22:20:20 [ INFO] - HttpTools  -test111
2018-10-16 22:21:54 [ INFO] - HttpTools  -百度首页
2018-10-16 22:21:55 [ INFO] - HttpTools  -查询快递
2018-10-16 22:21:56 [ INFO] - HttpTools  -用户中心
2018-10-16 22:34:43 [ INFO] - HttpTools  -百度首页
2018-10-16 22:34:44 [ INFO] - HttpTools  -查询快递
2018-10-16 22:34:45 [ INFO] - HttpTools  -用户中心
2018-10-16 22:35:47 [ INFO] - HttpTools  -百度首页
2018-10-16 22:35:48 [ INFO] - HttpTools  -断言接口状态码
2018-10-16 22:35:48 [ INFO] - HttpTools  -断言类型:eq
2018-10-16 22:35:48 [ INFO] - HttpTools  -断言数据列表:["errCode","0"]
2018-10-16 22:35:48 [ INFO] - HttpTools  -响应解析的值:io.restassured.path.xml.XmlPath@2f4854d6
2018-10-16 22:35:48 [ INFO] - HttpTools  -查询快递
2018-10-16 22:35:48 [ INFO] - HttpTools  -断言接口状态码
2018-10-16 22:35:48 [ INFO] - HttpTools  -断言类型:eq
2018-10-16 22:35:48 [ INFO] - HttpTools  -断言数据列表:["message","0"]
2018-10-16 22:35:48 [ INFO] - HttpTools  -响应解析的值:io.restassured.path.xml.XmlPath@200a26bc
2018-10-16 22:35:48 [ INFO] - HttpTools  -用户中心
2018-10-16 22:35:50 [ INFO] - HttpTools  -断言接口状态码
2018-10-16 22:35:50 [ INFO] - HttpTools  -断言类型:eq
2018-10-16 22:35:50 [ INFO] - HttpTools  -断言数据列表:["hasnew","false"]
2018-10-16 22:35:50 [ INFO] - HttpTools  -响应解析的值:false
2018-10-16 22:36:10 [ INFO] - HttpTools  -A
2018-10-16 22:36:11 [ INFO] - HttpTools  -断言接口状态码
2018-10-16 22:36:11 [ INFO] - HttpTools  -断言类型:eq
2018-10-16 22:36:11 [ INFO] - HttpTools  -断言数据列表:["errCode","0"]
2018-10-16 22:37:16 [ INFO] - HttpTools  -百度首页
2018-10-16 22:37:17 [ INFO] - HttpTools  -断言接口状态码
2018-10-16 22:37:17 [ INFO] - HttpTools  -断言类型:eq
2018-10-16 22:37:17 [ INFO] - HttpTools  -断言数据列表:["errCode","0"]
2018-10-16 22:37:18 [ INFO] - HttpTools  -响应解析的值:io.restassured.path.xml.XmlPath@7cc586a8
2018-10-16 22:37:18 [ INFO] - HttpTools  -查询快递
2018-10-16 22:37:19 [ INFO] - HttpTools  -断言接口状态码
2018-10-16 22:37:19 [ INFO] - HttpTools  -断言类型:eq
2018-10-16 22:37:19 [ INFO] - HttpTools  -断言数据列表:["message","0"]
2018-10-16 22:37:19 [ INFO] - HttpTools  -响应解析的值:io.restassured.path.xml.XmlPath@5910de75
2018-10-16 22:37:19 [ INFO] - HttpTools  -用户中心
2018-10-16 22:37:19 [ INFO] - HttpTools  -断言接口状态码
2018-10-16 22:37:19 [ INFO] - HttpTools  -断言类型:eq
2018-10-16 22:37:19 [ INFO] - HttpTools  -断言数据列表:["hasnew","false"]
2018-10-16 22:37:20 [ INFO] - HttpTools  -响应解析的值:false
2018-10-16 22:39:36 [ INFO] - HttpTools  -百度首页
2018-10-16 22:39:37 [ INFO] - HttpTools  -断言接口状态码
2018-10-16 22:39:37 [ INFO] - HttpTools  -断言类型:eq
2018-10-16 22:39:37 [ INFO] - HttpTools  -断言数据列表:["errCode","0"]
2018-10-16 22:39:37 [ INFO] - HttpTools  -响应解析的值:io.restassured.path.xml.XmlPath@2f4854d6
2018-10-16 22:39:37 [ INFO] - HttpTools  -查询快递
2018-10-16 22:39:37 [ INFO] - HttpTools  -断言接口状态码
2018-10-16 22:39:37 [ INFO] - HttpTools  -断言类型:eq
2018-10-16 22:39:37 [ INFO] - HttpTools  -断言数据列表:["message","ok"]
2018-10-16 22:39:37 [ INFO] - HttpTools  -响应解析的值:io.restassured.path.xml.XmlPath@200a26bc
2018-10-16 22:39:37 [ INFO] - HttpTools  -用户中心
2018-10-16 22:39:38 [ INFO] - HttpTools  -断言接口状态码
2018-10-16 22:39:38 [ INFO] - HttpTools  -断言类型:eq
2018-10-16 22:39:38 [ INFO] - HttpTools  -断言数据列表:["hasnew","false"]
2018-10-16 22:39:38 [ INFO] - HttpTools  -响应解析的值:false
2018-10-16 22:43:08 [ INFO] - HttpTools  -百度首页
2018-10-16 22:43:09 [ INFO] - HttpTools  -断言接口状态码
2018-10-16 22:43:09 [ INFO] - HttpTools  -断言类型:eq
2018-10-16 22:43:09 [ INFO] - HttpTools  -断言数据列表:["errCode","0"]
2018-10-16 22:43:09 [ INFO] - HttpTools  -响应解析的值:io.restassured.path.xml.XmlPath@2f4854d6
2018-10-16 22:43:09 [ INFO] - HttpTools  -查询快递
2018-10-16 22:43:09 [ INFO] - HttpTools  -断言接口状态码
2018-10-16 22:43:09 [ INFO] - HttpTools  -断言类型:eq
2018-10-16 22:43:09 [ INFO] - HttpTools  -断言数据列表:["message","ok"]
2018-10-16 22:43:09 [ INFO] - HttpTools  -响应解析的值:io.restassured.path.xml.XmlPath@200a26bc
2018-10-16 22:43:09 [ INFO] - HttpTools  -用户中心
2018-10-16 22:43:09 [ INFO] - HttpTools  -断言接口状态码
2018-10-16 22:43:09 [ INFO] - HttpTools  -断言类型:eq
2018-10-16 22:43:09 [ INFO] - HttpTools  -断言数据列表:["hasnew","false"]
2018-10-16 22:43:10 [ INFO] - HttpTools  -响应解析的值:false
2018-10-16 22:49:39 [ INFO] - HttpTools  -百度首页
2018-10-16 22:49:41 [ INFO] - HttpTools  -断言接口状态码
2018-10-16 22:49:41 [ INFO] - HttpTools  -断言类型:eq
2018-10-16 22:49:41 [ INFO] - HttpTools  -断言数据列表:["errCode","0"]
2018-10-16 22:49:41 [ INFO] - HttpTools  -响应解析的值:io.restassured.path.xml.XmlPath@2c95ac9e
2018-10-16 22:49:41 [ INFO] - HttpTools  -查询快递
2018-10-16 22:49:41 [ INFO] - HttpTools  -断言接口状态码
2018-10-16 22:49:41 [ INFO] - HttpTools  -断言类型:eq
2018-10-16 22:49:41 [ INFO] - HttpTools  -断言数据列表:["message","ok"]
2018-10-16 22:49:41 [ INFO] - HttpTools  -响应解析的值:io.restassured.path.xml.XmlPath@3deb2326
2018-10-16 22:49:41 [ INFO] - HttpTools  -用户中心
2018-10-16 22:49:41 [ INFO] - HttpTools  -断言接口状态码
2018-10-16 22:49:41 [ INFO] - HttpTools  -断言类型:eq
2018-10-16 22:49:41 [ INFO] - HttpTools  -断言数据列表:["hasnew","false"]
2018-10-16 22:49:42 [ INFO] - HttpTools  -响应解析的值:false
2018-10-16 22:49:42 [ INFO] - HttpTools  -获取天气
2018-10-16 22:49:44 [ INFO] - HttpTools  -断言接口状态码
2018-10-16 22:49:44 [ INFO] - HttpTools  -断言类型:eq
2018-10-16 22:49:44 [ INFO] - HttpTools  -断言数据列表:["infocode","000000"]
2018-10-16 22:49:44 [ INFO] - HttpTools  -响应解析的值:io.restassured.path.xml.XmlPath@304b9f1a
2018-10-16 22:51:09 [ INFO] - HttpTools  -百度首页
2018-10-16 22:51:11 [ INFO] - HttpTools  -断言接口状态码
2018-10-16 22:51:11 [ INFO] - HttpTools  -断言类型:eq
2018-10-16 22:51:11 [ INFO] - HttpTools  -断言数据列表:["errCode","0"]
2018-10-16 22:52:06 [ INFO] - HttpTools  -响应解析的值:io.restassured.path.xml.XmlPath@379ce046
2018-10-16 22:52:06 [ INFO] - HttpTools  -查询快递
2018-10-16 22:52:08 [ INFO] - HttpTools  -断言接口状态码
2018-10-16 22:52:08 [ INFO] - HttpTools  -断言类型:eq
2018-10-16 22:52:08 [ INFO] - HttpTools  -断言数据列表:["message","ok"]
2018-10-16 22:52:08 [ INFO] - HttpTools  -响应解析的值:io.restassured.path.xml.XmlPath@73fc518f
2018-10-16 22:52:08 [ INFO] - HttpTools  -用户中心
2018-10-16 22:52:09 [ INFO] - HttpTools  -断言接口状态码
2018-10-16 22:52:09 [ INFO] - HttpTools  -断言类型:eq
2018-10-16 22:52:09 [ INFO] - HttpTools  -断言数据列表:["hasnew","false"]
2018-10-16 22:52:09 [ INFO] - HttpTools  -响应解析的值:false
2018-10-16 22:52:09 [ INFO] - HttpTools  -获取天气
2018-10-16 22:52:09 [ INFO] - HttpTools  -断言接口状态码
2018-10-16 22:52:09 [ INFO] - HttpTools  -断言类型:eq
2018-10-16 22:52:09 [ INFO] - HttpTools  -断言数据列表:["infocode","000000"]
2018-10-16 22:52:09 [ INFO] - HttpTools  -响应解析的值:io.restassured.path.xml.XmlPath@6ad16c5d
2018-10-16 22:54:02 [ INFO] - HttpTools  -百度首页
2018-10-16 22:54:04 [ INFO] - HttpTools  -断言接口状态码
2018-10-16 22:54:04 [ INFO] - HttpTools  -断言类型:eq
2018-10-16 22:54:04 [ INFO] - HttpTools  -断言数据列表:["errCode","0"]
2018-10-16 22:56:15 [ INFO] - HttpTools  -响应解析的值:io.restassured.path.xml.XmlPath@379ce046
2018-10-16 22:56:15 [ INFO] - HttpTools  -查询快递
2018-10-16 22:56:15 [ INFO] - HttpTools  -断言接口状态码
2018-10-16 22:56:15 [ INFO] - HttpTools  -断言类型:eq
2018-10-16 22:56:15 [ INFO] - HttpTools  -断言数据列表:["message","ok"]
2018-10-16 22:56:15 [ INFO] - HttpTools  -响应解析的值:io.restassured.path.xml.XmlPath@73fc518f
2018-10-16 22:56:15 [ INFO] - HttpTools  -用户中心
2018-10-16 22:56:16 [ INFO] - HttpTools  -断言接口状态码
2018-10-16 22:56:16 [ INFO] - HttpTools  -断言类型:eq
2018-10-16 22:56:16 [ INFO] - HttpTools  -断言数据列表:["hasnew","false"]
2018-10-16 22:56:17 [ INFO] - HttpTools  -响应解析的值:false
2018-10-16 22:56:17 [ INFO] - HttpTools  -获取天气
2018-10-16 22:56:17 [ INFO] - HttpTools  -断言接口状态码
2018-10-16 22:56:17 [ INFO] - HttpTools  -断言类型:eq
2018-10-16 22:56:17 [ INFO] - HttpTools  -断言数据列表:["infocode","000000"]
2018-10-16 22:56:17 [ INFO] - HttpTools  -响应解析的值:io.restassured.path.xml.XmlPath@6ad16c5d
2018-10-16 22:57:20 [ INFO] - HttpTools  -百度首页
2018-10-16 22:57:21 [ INFO] - HttpTools  -断言接口状态码
2018-10-16 22:57:21 [ INFO] - HttpTools  -断言类型:eq
2018-10-16 22:57:21 [ INFO] - HttpTools  -断言数据列表:["errCode","0"]
2018-10-16 22:57:21 [ INFO] - HttpTools  -响应解析的值:io.restassured.path.xml.XmlPath@4a9e6faf
2018-10-16 22:57:21 [ INFO] - HttpTools  -查询快递
2018-10-16 22:57:22 [ INFO] - HttpTools  -断言接口状态码
2018-10-16 22:57:22 [ INFO] - HttpTools  -断言类型:eq
2018-10-16 22:57:22 [ INFO] - HttpTools  -断言数据列表:["message","ok"]
2018-10-16 22:57:22 [ INFO] - HttpTools  -响应解析的值:io.restassured.path.xml.XmlPath@71f67a79
2018-10-16 22:57:22 [ INFO] - HttpTools  -用户中心
2018-10-16 22:57:22 [ INFO] - HttpTools  -断言接口状态码
2018-10-16 22:57:22 [ INFO] - HttpTools  -断言类型:eq
2018-10-16 22:57:22 [ INFO] - HttpTools  -断言数据列表:["hasnew","false"]
2018-10-16 22:57:22 [ INFO] - HttpTools  -响应解析的值:false
2018-10-16 22:57:22 [ INFO] - HttpTools  -获取天气
2018-10-16 22:57:22 [ INFO] - HttpTools  -断言接口状态码
2018-10-16 22:57:22 [ INFO] - HttpTools  -断言类型:eq
2018-10-16 22:57:22 [ INFO] - HttpTools  -断言数据列表:["infocode","000000"]
2018-10-16 22:57:22 [ INFO] - HttpTools  -响应解析的值:io.restassured.path.xml.XmlPath@304b9f1a
2018-10-16 23:07:15 [ INFO] - HttpTools  -百度首页
2018-10-16 23:07:18 [ INFO] - HttpTools  -断言接口状态码
2018-10-16 23:07:18 [ INFO] - HttpTools  -断言类型:eq
2018-10-16 23:07:18 [ INFO] - HttpTools  -断言数据列表:["errCode","0"]
2018-10-16 23:07:18 [ INFO] - HttpTools  -响应解析的值:io.restassured.path.xml.XmlPath@2755d705
2018-10-16 23:07:18 [ INFO] - HttpTools  -查询快递
2018-10-16 23:07:20 [ INFO] - HttpTools  -断言接口状态码
2018-10-16 23:07:20 [ INFO] - HttpTools  -断言类型:eq
2018-10-16 23:07:20 [ INFO] - HttpTools  -断言数据列表:["message","ok"]
2018-10-16 23:07:20 [ INFO] - HttpTools  -响应解析的值:io.restassured.path.xml.XmlPath@3277e499
2018-10-16 23:07:20 [ INFO] - HttpTools  -用户中心
2018-10-16 23:07:23 [ INFO] - HttpTools  -断言接口状态码
2018-10-16 23:07:23 [ INFO] - HttpTools  -断言类型:eq
2018-10-16 23:07:23 [ INFO] - HttpTools  -断言数据列表:["hasnew","false"]
2018-10-16 23:07:24 [ INFO] - HttpTools  -响应解析的值:false
2018-10-16 23:07:24 [ INFO] - HttpTools  -获取天气
2018-10-16 23:07:27 [ INFO] - HttpTools  -断言接口状态码
2018-10-16 23:07:27 [ INFO] - HttpTools  -断言类型:eq
2018-10-16 23:07:27 [ INFO] - HttpTools  -断言数据列表:["infocode","000000"]
2018-10-16 23:07:27 [ INFO] - HttpTools  -响应解析的值:io.restassured.path.xml.XmlPath@1e411d81
2018-10-16 23:23:33 [ INFO] - HttpTools  -获取天气
2018-10-16 23:23:34 [ INFO] - HttpTools  -断言接口状态码
2018-10-16 23:23:34 [ INFO] - HttpTools  -断言类型:eq
2018-10-16 23:23:34 [ INFO] - HttpTools  -断言数据列表:["infocode","000000"]
2018-10-16 23:23:34 [ INFO] - HttpTools  -响应解析的值:io.restassured.path.xml.XmlPath@1b822fcc
2018-10-16 23:23:55 [ INFO] - HttpTools  -用户中心
2018-10-16 23:23:57 [ INFO] - HttpTools  -断言接口状态码
2018-10-16 23:23:57 [ INFO] - HttpTools  -断言类型:eq
2018-10-16 23:23:57 [ INFO] - HttpTools  -断言数据列表:["hasnew","false"]
2018-10-16 23:23:57 [ INFO] - HttpTools  -响应解析的值:false
2018-10-16 23:25:42 [ INFO] - HttpTools  -用户中心
2018-10-16 23:25:43 [ INFO] - HttpTools  -断言接口状态码
2018-10-16 23:25:43 [ INFO] - HttpTools  -断言类型:eq
2018-10-16 23:25:43 [ INFO] - HttpTools  -断言数据列表:["hasnew","false"]
2018-10-16 23:25:43 [ INFO] - HttpTools  -响应解析的值:false
2018-10-16 23:25:43 [ INFO] - HttpTools  -获取天气
2018-10-16 23:25:44 [ INFO] - HttpTools  -断言接口状态码
2018-10-16 23:25:44 [ INFO] - HttpTools  -断言类型:eq
2018-10-16 23:25:44 [ INFO] - HttpTools  -断言数据列表:["infocode","000000"]
2018-10-16 23:25:44 [ INFO] - HttpTools  -响应解析的值:io.restassured.path.xml.XmlPath@d2387c8
2018-10-16 23:28:05 [ INFO] - HttpTools  -用户中心
2018-10-16 23:28:08 [ INFO] - HttpTools  -断言接口状态码
2018-10-16 23:28:08 [ INFO] - HttpTools  -断言类型:eq
2018-10-16 23:28:08 [ INFO] - HttpTools  -断言数据列表:["code","200"]
2018-10-16 23:28:08 [ INFO] - HttpTools  -响应解析的值:io.restassured.path.xml.XmlPath@7689ddef
2018-10-16 23:28:42 [ INFO] - HttpTools  -用户中心
2018-10-16 23:28:43 [ INFO] - HttpTools  -断言接口状态码
2018-10-16 23:28:43 [ INFO] - HttpTools  -断言类型:eq
2018-10-16 23:28:43 [ INFO] - HttpTools  -断言数据列表:["head_info","200"]
2018-10-16 23:28:43 [ INFO] - HttpTools  -响应解析的值:io.restassured.path.xml.XmlPath@7689ddef
2018-10-16 23:33:11 [ INFO] - HttpTools  -用户中心
2018-10-16 23:33:12 [ INFO] - HttpTools  -断言接口状态码
2018-10-16 23:33:12 [ INFO] - HttpTools  -断言类型:eq
2018-10-16 23:33:12 [ INFO] - HttpTools  -断言数据列表:["head_info","200"]
2018-10-16 23:33:34 [ INFO] - HttpTools  -用户中心
2018-10-16 23:33:35 [ INFO] - HttpTools  -断言接口状态码
2018-10-16 23:33:35 [ INFO] - HttpTools  -断言类型:eq
2018-10-16 23:33:35 [ INFO] - HttpTools  -断言数据列表:["head_info","200"]
2018-10-16 23:35:05 [ INFO] - HttpTools  -获取天气
2018-10-16 23:35:07 [ INFO] - HttpTools  -断言接口状态码
2018-10-16 23:35:07 [ INFO] - HttpTools  -断言类型:eq
2018-10-16 23:35:07 [ INFO] - HttpTools  -断言数据列表:["infocode","000000"]
2018-10-16 23:35:08 [ INFO] - HttpTools  -响应解析的值:000000
2018-10-16 23:35:47 [ INFO] - HttpTools  -获取天气
2018-10-16 23:35:48 [ INFO] - HttpTools  -断言接口状态码
2018-10-16 23:35:48 [ INFO] - HttpTools  -断言类型:eq
2018-10-16 23:35:48 [ INFO] - HttpTools  -断言数据列表:["infocode","000000"]
2018-10-16 23:35:48 [ INFO] - HttpTools  -响应解析的值:000000
2018-10-16 23:35:48 [ INFO] - HttpTools  -用户中心
2018-10-16 23:35:48 [ INFO] - HttpTools  -断言接口状态码
2018-10-16 23:35:48 [ INFO] - HttpTools  -断言类型:eq
2018-10-16 23:35:48 [ INFO] - HttpTools  -断言数据列表:["code","200"]
2018-10-16 23:41:17 [ INFO] - HttpTools  -获取天气
2018-10-16 23:41:19 [ INFO] - HttpTools  -断言接口状态码
2018-10-16 23:41:19 [ INFO] - HttpTools  -断言类型:eq
2018-10-16 23:41:19 [ INFO] - HttpTools  -断言数据列表:["infocode","000000"]
2018-10-16 23:41:20 [ INFO] - HttpTools  -响应解析的值:000000
2018-10-16 23:41:20 [ INFO] - HttpTools  -用户中心
2018-10-16 23:41:20 [ INFO] - HttpTools  -断言接口状态码
2018-10-16 23:41:20 [ INFO] - HttpTools  -断言类型:eq
2018-10-16 23:41:20 [ INFO] - HttpTools  -断言数据列表:["code","200"]
2018-10-16 23:49:19 [ INFO] - HttpTools  -获取天气
2018-10-16 23:49:20 [ INFO] - HttpTools  -断言接口状态码
2018-10-16 23:49:20 [ INFO] - HttpTools  -断言类型:eq
2018-10-16 23:49:20 [ INFO] - HttpTools  -断言数据列表:["infocode","000000"]
2018-10-16 23:49:21 [ INFO] - HttpTools  -响应解析的值:000000
2018-10-16 23:49:21 [ INFO] - HttpTools  -用户中心
2018-10-16 23:49:21 [ INFO] - HttpTools  -断言接口状态码
2018-10-16 23:49:21 [ INFO] - HttpTools  -断言类型:eq
2018-10-16 23:49:21 [ INFO] - HttpTools  -断言数据列表:["code","200"]
2018-10-16 23:51:09 [ INFO] - HttpTools  -获取天气
2018-10-16 23:51:35 [ INFO] - HttpTools  -获取天气
2018-10-17 00:28:43 [ INFO] - HttpTools  -获取天气
2018-10-17 00:29:18 [ INFO] - HttpTools  -获取天气
2018-10-17 00:29:19 [ INFO] - HttpTools  -断言接口状态码
2018-10-17 00:29:19 [ INFO] - HttpTools  -断言类型:eq
2018-10-17 00:29:19 [ INFO] - HttpTools  -断言数据列表:["infocode","000000"]
2018-10-17 00:29:20 [ INFO] - HttpTools  -响应解析的值:000000
2018-10-17 00:29:20 [ INFO] - HttpTools  -用户中心
2018-10-17 00:29:20 [ INFO] - HttpTools  -断言接口状态码
2018-10-17 00:29:20 [ INFO] - HttpTools  -断言类型:eq
2018-10-17 00:29:20 [ INFO] - HttpTools  -断言数据列表:["code","200"]
2018-10-17 00:31:27 [ INFO] - HttpTools  -获取天气
2018-10-17 00:31:28 [ INFO] - HttpTools  -response filter
2018-10-17 00:31:28 [ INFO] - HttpTools  -断言接口状态码
2018-10-17 00:31:28 [ INFO] - HttpTools  -断言类型:eq
2018-10-17 00:31:28 [ INFO] - HttpTools  -断言数据列表:["infocode","000000"]
2018-10-17 00:31:29 [ INFO] - HttpTools  -响应解析的值:000000
2018-10-17 00:31:29 [ INFO] - HttpTools  -用户中心
2018-10-17 00:31:29 [ INFO] - HttpTools  -response filter
2018-10-17 00:31:29 [ INFO] - HttpTools  -断言接口状态码
2018-10-17 00:31:29 [ INFO] - HttpTools  -断言类型:eq
2018-10-17 00:31:29 [ INFO] - HttpTools  -断言数据列表:["code","200"]
2018-10-17 00:33:09 [ INFO] - HttpTools  -金币商场
2018-10-17 00:33:10 [ INFO] - HttpTools  -response filter
2018-10-17 00:33:10 [ INFO] - HttpTools  -断言接口状态码
2018-10-17 00:33:10 [ INFO] - HttpTools  -断言类型:eq
2018-10-17 00:33:10 [ INFO] - HttpTools  -断言数据列表:["message","success"]
2018-10-17 00:33:11 [ INFO] - HttpTools  -响应解析的值:success
2018-10-17 00:33:44 [ INFO] - HttpTools  -A
2018-10-17 00:33:45 [ INFO] - HttpTools  -response filter
2018-10-17 00:33:45 [ INFO] - HttpTools  -断言接口状态码
2018-10-17 00:33:45 [ INFO] - HttpTools  -断言类型:eq
2018-10-17 00:33:45 [ INFO] - HttpTools  -断言数据列表:["errCode","0"]
2018-10-17 00:34:11 [ INFO] - HttpTools  -电子书详情页
2018-10-17 00:34:12 [ INFO] - HttpTools  -response filter
2018-10-17 00:34:12 [ INFO] - HttpTools  -断言接口状态码
2018-10-17 00:34:12 [ INFO] - HttpTools  -断言类型:eq
2018-10-17 00:34:12 [ INFO] - HttpTools  -断言数据列表:["errCode","0"]
2018-10-17 00:34:13 [ INFO] - HttpTools  -响应解析的值:0
2018-10-17 00:34:13 [ INFO] - HttpTools  -包管理管理更新接口
2018-10-17 00:34:13 [ INFO] - HttpTools  -response filter
2018-10-17 00:34:13 [ INFO] - HttpTools  -断言接口状态码
2018-10-17 00:34:13 [ INFO] - HttpTools  -断言类型:eq
2018-10-17 00:34:13 [ INFO] - HttpTools  -断言数据列表:["errCode","0"]
2018-10-17 00:34:13 [ INFO] - HttpTools  -响应解析的值:0
2018-10-17 00:34:13 [ INFO] - HttpTools  -新书单列表
2018-10-17 00:34:13 [ INFO] - HttpTools  -response filter
2018-10-17 00:34:13 [ INFO] - HttpTools  -断言接口状态码
2018-10-17 00:34:13 [ INFO] - HttpTools  -断言类型:eq
2018-10-17 00:34:13 [ INFO] - HttpTools  -断言数据列表:["errCode","0"]
2018-10-17 00:34:14 [ INFO] - HttpTools  -响应解析的值:0
